<?xml version="1.0" encoding="UTF-8"?>
<!-- Generated by org.testng.reporters.JUnitXMLReporter -->
<testsuite ignored="0" hostname="DESKTOP-U6MROIF" failures="0" tests="4" name="EdgeTest" time="0.037" errors="0" timestamp="2024-07-16T09:40:25 GST">
  <testcase classname="testScript.Base" name="@BeforeMethod initializeBrowser" time="0.0">
    <failure type="java.lang.Exception" message="Browser is not correct">
      <![CDATA[java.lang.Exception: Browser is not correct
at testScript.Base.initializeBrowser(Base.java:30)
at java.base/java.util.ArrayList.forEach(ArrayList.java:1511)
... Removed 31 stack frames]]>
    </failure>
  </testcase> <!-- @BeforeMethod initializeBrowser -->
  <testcase classname="testScript.Base" name="@AfterMethod driverQuitAndClose" time="-1.721108425822E9">
    <skipped/>
  </testcase> <!-- @AfterMethod driverQuitAndClose -->
  <testcase classname="testScript.Base" name="@BeforeMethod initializeBrowser" time="-1.721108425824E9">
    <skipped/>
  </testcase> <!-- @BeforeMethod initializeBrowser -->
  <testcase classname="testScript.Base" name="@AfterMethod driverQuitAndClose" time="-1.721108425829E9">
    <skipped/>
  </testcase> <!-- @AfterMethod driverQuitAndClose -->
  <testcase classname="testScript.Base" name="@BeforeMethod initializeBrowser" time="-1.721108425832E9">
    <skipped/>
  </testcase> <!-- @BeforeMethod initializeBrowser -->
  <testcase classname="testScript.Base" name="@AfterMethod driverQuitAndClose" time="-1.721108425838E9">
    <skipped/>
  </testcase> <!-- @AfterMethod driverQuitAndClose -->
  <testcase classname="testScript.Base" name="@BeforeMethod initializeBrowser" time="-1.72110842584E9">
    <skipped/>
  </testcase> <!-- @BeforeMethod initializeBrowser -->
  <testcase classname="testScript.Base" name="@AfterMethod driverQuitAndClose" time="-1.721108425846E9">
    <skipped/>
  </testcase> <!-- @AfterMethod driverQuitAndClose -->
  <testcase classname="testScript.LoginTest" name="verifyTheUserIsAbleToLoginUsingInValidCredentials" time="0.0">
    <skipped/>
  </testcase> <!-- verifyTheUserIsAbleToLoginUsingInValidCredentials -->
  <testcase classname="testScript.LoginTest" name="verifyTheUserIsAbleToLoginUsingInvalidValidUsernameandValidPassword" time="0.0">
    <skipped/>
  </testcase> <!-- verifyTheUserIsAbleToLoginUsingInvalidValidUsernameandValidPassword -->
  <testcase classname="testScript.LoginTest" name="verifyTheUserIsAbleToLoginUsingValidCredentials" time="0.0">
    <skipped/>
  </testcase> <!-- verifyTheUserIsAbleToLoginUsingValidCredentials -->
  <testcase classname="testScript.LoginTest" name="verifyTheUserIsAbleToLoginUsingValidUsernameandInvalidPassword" time="0.0">
    <skipped/>
  </testcase> <!-- verifyTheUserIsAbleToLoginUsingValidUsernameandInvalidPassword -->
</testsuite> <!-- EdgeTest -->
